Delivery boy-App/build/app/intermediates/manifest_merge_blame_file/debug/manifest-merger-blame-debug-report.txt
1<?xml version="1.0" encoding="utf-8"?>
2<manifest xmlns:android="http://schemas.android.com/apk/res/android"
3    package="com.food_on_the_way.delivery_boy"
4    android:versionCode="1"
5    android:versionName="1.0.0" >
6
7    <uses-sdk
8        android:minSdkVersion="21"
9        android:targetSdkVersion="31" />
10    <!--
11         Flutter needs it to communicate with the running application
12         to allow setting breakpoints, to provide hot reload, etc.
13    -->
14    <uses-permission android:name="android.permission.INTERNET" />
14-->src/main/AndroidManifest.xml:4:5-66
14-->src/main/AndroidManifest.xml:4:22-64
15    <uses-permission android:name="android.permission.WAKE_LOCK" />
15-->[:firebase_messaging] AndroidManifest.xml:8:5-68
15-->[:firebase_messaging] AndroidManifest.xml:8:22-65
16    <uses-permission android:name="android.permission.ACCESS_NETWORK_STATE" />
16-->[:firebase_messaging] AndroidManifest.xml:9:5-79
16-->[:firebase_messaging] AndroidManifest.xml:9:22-76
17    <uses-permission android:name="android.permission.RECEIVE_BOOT_COMPLETED" />
17-->[:flutter_local_notifications] AndroidManifest.xml:7:5-81
17-->[:flutter_local_notifications] AndroidManifest.xml:7:22-78
18    <uses-permission android:name="android.permission.VIBRATE" />
18-->[:flutter_local_notifications] AndroidManifest.xml:8:5-66
18-->[:flutter_local_notifications] AndroidManifest.xml:8:22-63
19    <uses-permission android:name="android.permission.USE_FULL_SCREEN_INTENT" /> <!-- Required by older versions of Google Play services to create IID tokens -->
19-->[:flutter_local_notifications] AndroidManifest.xml:9:5-81
19-->[:flutter_local_notifications] AndroidManifest.xml:9:22-78
20    <uses-permission android:name="com.google.android.c2dm.permission.RECEIVE" />
20-->[com.google.firebase:firebase-messaging:23.0.5] AndroidManifest.xml:28:5-82
20-->[com.google.firebase:firebase-messaging:23.0.5] AndroidManifest.xml:28:22-79
21    <uses-permission android:name="com.google.android.gms.permission.AD_ID" />
21-->[com.google.android.gms:play-services-measurement-api:21.0.0] AndroidManifest.xml:25:5-79
21-->[com.google.android.gms:play-services-measurement-api:21.0.0] AndroidManifest.xml:25:22-76
22    <uses-permission android:name="com.google.android.finsky.permission.BIND_GET_INSTALL_REFERRER_SERVICE" />
22-->[com.google.android.gms:play-services-measurement:21.0.0] AndroidManifest.xml:26:5-110
22-->[com.google.android.gms:play-services-measurement:21.0.0] AndroidManifest.xml:26:22-107
23
24    <application
24-->src/main/AndroidManifest.xml:6:4-49:19
25        android:appComponentFactory="androidx.core.app.CoreComponentFactory"
25-->[androidx.core:core:1.6.0] AndroidManifest.xml:24:18-86
26        android:debuggable="true"
27        android:icon="@mipmap/ic_launcher"
27-->src/main/AndroidManifest.xml:8:9-43
28        android:label="Food On The Way - Delivery Boy"
28-->src/main/AndroidManifest.xml:7:9-55
29        android:usesCleartextTraffic="true" >
29-->src/main/AndroidManifest.xml:9:8-43
30        <activity
30-->src/main/AndroidManifest.xml:10:9-43:20
31            android:name="com.food_on_the_way.delivery_boy.MainActivity"
31-->src/main/AndroidManifest.xml:11:13-41
32            android:configChanges="orientation|keyboardHidden|keyboard|screenSize|smallestScreenSize|locale|layoutDirection|fontScale|screenLayout|density|uiMode"
32-->src/main/AndroidManifest.xml:14:13-163
33            android:hardwareAccelerated="true"
33-->src/main/AndroidManifest.xml:15:13-47
34            android:launchMode="singleTop"
34-->src/main/AndroidManifest.xml:12:13-43
35            android:theme="@style/LaunchTheme"
35-->src/main/AndroidManifest.xml:13:13-47
36            android:windowSoftInputMode="adjustResize" >
36-->src/main/AndroidManifest.xml:17:13-55
37
38            <!--
39                 Specifies an Android theme to apply to this Activity as soon as
40                 the Android process has started. This theme is visible to the user
41                 while the Flutter UI initializes. After that, this theme continues
42                 to determine the Window background behind the Flutter UI.
43            -->
44            <meta-data
44-->src/main/AndroidManifest.xml:22:13-25:17
45                android:name="io.flutter.embedding.android.NormalTheme"
45-->src/main/AndroidManifest.xml:23:15-70
46                android:resource="@style/NormalTheme" />
46-->src/main/AndroidManifest.xml:24:15-52
47            <!--
48                 Displays an Android View that continues showing the launch screen
49                 Drawable until Flutter paints its first frame, then this splash
50                 screen fades out. A splash screen is useful to avoid any visual
51                 gap between the end of Android's launch screen and the painting of
52                 Flutter's first frame.
53            -->
54            <meta-data
54-->src/main/AndroidManifest.xml:31:13-34:17
55                android:name="io.flutter.embedding.android.SplashScreenDrawable"
55-->src/main/AndroidManifest.xml:32:15-79
56                android:resource="@drawable/launch_background" />
56-->src/main/AndroidManifest.xml:33:15-61
57
58            <intent-filter>
58-->src/main/AndroidManifest.xml:35:13-38:29
59                <action android:name="android.intent.action.MAIN" />
59-->src/main/AndroidManifest.xml:36:17-68
59-->src/main/AndroidManifest.xml:36:25-66
60
61                <category android:name="android.intent.category.LAUNCHER" />
61-->src/main/AndroidManifest.xml:37:17-76
61-->src/main/AndroidManifest.xml:37:27-74
62            </intent-filter>
63            <intent-filter>
63-->src/main/AndroidManifest.xml:39:13-42:29
64                <action android:name="FLUTTER_NOTIFICATION_CLICK" />
64-->src/main/AndroidManifest.xml:40:17-69
64-->src/main/AndroidManifest.xml:40:25-66
65
66                <category android:name="android.intent.category.DEFAULT" />
66-->src/main/AndroidManifest.xml:41:17-76
66-->src/main/AndroidManifest.xml:41:27-73
67            </intent-filter>
68        </activity>
69        <!--
70             Don't delete the meta-data below.
71             This is used by the Flutter tool to generate GeneratedPluginRegistrant.java
72        -->
73        <meta-data
73-->src/main/AndroidManifest.xml:46:9-48:33
74            android:name="flutterEmbedding"
74-->src/main/AndroidManifest.xml:47:13-44
75            android:value="2" />
75-->src/main/AndroidManifest.xml:48:13-30
76
77        <service
77-->[:firebase_auth] AndroidManifest.xml:8:9-12:19
78            android:name="com.google.firebase.components.ComponentDiscoveryService"
78-->[:firebase_auth] AndroidManifest.xml:8:18-89
79            android:directBootAware="true"
79-->[com.google.firebase:firebase-common:20.1.1] AndroidManifest.xml:35:13-43
80            android:exported="false" >
80-->[com.google.firebase:firebase-messaging:23.0.5] AndroidManifest.xml:54:13-37
81            <meta-data
81-->[:firebase_auth] AndroidManifest.xml:9:13-11:85
82                android:name="com.google.firebase.components:io.flutter.plugins.firebase.auth.FlutterFirebaseAuthRegistrar"
82-->[:firebase_auth] AndroidManifest.xml:10:17-124
83                android:value="com.google.firebase.components.ComponentRegistrar" />
83-->[:firebase_auth] AndroidManifest.xml:11:17-82
84            <meta-data
84-->[:firebase_messaging] AndroidManifest.xml:34:13-36:85
85                android:name="com.google.firebase.components:io.flutter.plugins.firebase.messaging.FlutterFirebaseAppRegistrar"
85-->[:firebase_messaging] AndroidManifest.xml:35:17-128
86                android:value="com.google.firebase.components.ComponentRegistrar" />
86-->[:firebase_messaging] AndroidManifest.xml:36:17-82
87            <meta-data
87-->[:firebase_core] AndroidManifest.xml:9:13-11:85
88                android:name="com.google.firebase.components:io.flutter.plugins.firebase.core.FlutterFirebaseCoreRegistrar"
88-->[:firebase_core] AndroidManifest.xml:10:17-124
89                android:value="com.google.firebase.components.ComponentRegistrar" />
89-->[:firebase_core] AndroidManifest.xml:11:17-82
90            <meta-data
90-->[com.google.firebase:firebase-messaging:23.0.5] AndroidManifest.xml:55:13-57:85
91                android:name="com.google.firebase.components:com.google.firebase.messaging.FirebaseMessagingRegistrar"
91-->[com.google.firebase:firebase-messaging:23.0.5] AndroidManifest.xml:56:17-119
92                android:value="com.google.firebase.components.ComponentRegistrar" />
92-->[com.google.firebase:firebase-messaging:23.0.5] AndroidManifest.xml:57:17-82
93            <meta-data
93-->[com.google.firebase:firebase-datatransport:18.1.4] AndroidManifest.xml:28:13-30:85
94                android:name="com.google.firebase.components:com.google.firebase.datatransport.TransportRegistrar"
94-->[com.google.firebase:firebase-datatransport:18.1.4] AndroidManifest.xml:29:17-115
95                android:value="com.google.firebase.components.ComponentRegistrar" />
95-->[com.google.firebase:firebase-datatransport:18.1.4] AndroidManifest.xml:30:17-82
96            <meta-data
96-->[com.google.firebase:firebase-auth:21.0.5] AndroidManifest.xml:67:13-69:85
97                android:name="com.google.firebase.components:com.google.firebase.auth.FirebaseAuthRegistrar"
97-->[com.google.firebase:firebase-auth:21.0.5] AndroidManifest.xml:68:17-109
98                android:value="com.google.firebase.components.ComponentRegistrar" />
98-->[com.google.firebase:firebase-auth:21.0.5] AndroidManifest.xml:69:17-82
99            <meta-data
99-->[com.google.android.gms:play-services-measurement-api:21.0.0] AndroidManifest.xml:31:13-33:85
100                android:name="com.google.firebase.components:com.google.firebase.analytics.connector.internal.AnalyticsConnectorRegistrar"
100-->[com.google.android.gms:play-services-measurement-api:21.0.0] AndroidManifest.xml:32:17-139
101                android:value="com.google.firebase.components.ComponentRegistrar" />
101-->[com.google.android.gms:play-services-measurement-api:21.0.0] AndroidManifest.xml:33:17-82
102            <meta-data
102-->[com.google.firebase:firebase-installations:17.0.1] AndroidManifest.xml:18:13-20:85
103                android:name="com.google.firebase.components:com.google.firebase.installations.FirebaseInstallationsRegistrar"
103-->[com.google.firebase:firebase-installations:17.0.1] AndroidManifest.xml:19:17-127
104                android:value="com.google.firebase.components.ComponentRegistrar" />
104-->[com.google.firebase:firebase-installations:17.0.1] AndroidManifest.xml:20:17-82
105        </service>
106        <service
106-->[:firebase_messaging] AndroidManifest.xml:12:9-15:72
107            android:name="io.flutter.plugins.firebase.messaging.FlutterFirebaseMessagingBackgroundService"
107-->[:firebase_messaging] AndroidManifest.xml:13:13-107
108            android:exported="false"
108-->[:firebase_messaging] AndroidManifest.xml:14:13-37
109            android:permission="android.permission.BIND_JOB_SERVICE" />
109-->[:firebase_messaging] AndroidManifest.xml:15:13-69
110        <service
110-->[:firebase_messaging] AndroidManifest.xml:16:9-22:19
111            android:name="io.flutter.plugins.firebase.messaging.FlutterFirebaseMessagingService"
111-->[:firebase_messaging] AndroidManifest.xml:17:13-97
112            android:exported="false" >
112-->[:firebase_messaging] AndroidManifest.xml:18:13-37
113            <intent-filter>
113-->[:firebase_messaging] AndroidManifest.xml:19:13-21:29
114                <action android:name="com.google.firebase.MESSAGING_EVENT" />
114-->[:firebase_messaging] AndroidManifest.xml:20:17-78
114-->[:firebase_messaging] AndroidManifest.xml:20:25-75
115            </intent-filter>
116        </service>
117
118        <receiver
118-->[:firebase_messaging] AndroidManifest.xml:24:9-31:20
119            android:name="io.flutter.plugins.firebase.messaging.FlutterFirebaseMessagingReceiver"
119-->[:firebase_messaging] AndroidManifest.xml:25:13-98
120            android:exported="true"
120-->[:firebase_messaging] AndroidManifest.xml:26:13-36
121            android:permission="com.google.android.c2dm.permission.SEND" >
121-->[:firebase_messaging] AndroidManifest.xml:27:13-73
122            <intent-filter>
122-->[:firebase_messaging] AndroidManifest.xml:28:13-30:29
123                <action android:name="com.google.android.c2dm.intent.RECEIVE" />
123-->[:firebase_messaging] AndroidManifest.xml:29:17-81
123-->[:firebase_messaging] AndroidManifest.xml:29:25-78
124            </intent-filter>
125        </receiver>
126
127        <provider
127-->[:firebase_messaging] AndroidManifest.xml:39:9-43:38
128            android:name="io.flutter.plugins.firebase.messaging.FlutterFirebaseMessagingInitProvider"
128-->[:firebase_messaging] AndroidManifest.xml:40:13-102
129            android:authorities="com.food_on_the_way.delivery_boy.flutterfirebasemessaginginitprovider"
129-->[:firebase_messaging] AndroidManifest.xml:41:13-88
130            android:exported="false"
130-->[:firebase_messaging] AndroidManifest.xml:42:13-37
131            android:initOrder="99" />
131-->[:firebase_messaging] AndroidManifest.xml:43:13-35
132
133        <receiver android:name="com.dexterous.flutterlocalnotifications.ScheduledNotificationReceiver" />
133-->[:flutter_local_notifications] AndroidManifest.xml:12:9-106
133-->[:flutter_local_notifications] AndroidManifest.xml:12:19-103
134        <receiver android:name="com.dexterous.flutterlocalnotifications.ScheduledNotificationBootReceiver" >
134-->[:flutter_local_notifications] AndroidManifest.xml:13:9-20:20
134-->[:flutter_local_notifications] AndroidManifest.xml:13:19-107
135            <intent-filter>
135-->[:flutter_local_notifications] AndroidManifest.xml:14:13-19:29
136                <action android:name="android.intent.action.BOOT_COMPLETED" />
136-->[:flutter_local_notifications] AndroidManifest.xml:15:17-79
136-->[:flutter_local_notifications] AndroidManifest.xml:15:25-76
137                <action android:name="android.intent.action.MY_PACKAGE_REPLACED" />
137-->[:flutter_local_notifications] AndroidManifest.xml:16:17-84
137-->[:flutter_local_notifications] AndroidManifest.xml:16:25-81
138                <action android:name="android.intent.action.QUICKBOOT_POWERON" />
138-->[:flutter_local_notifications] AndroidManifest.xml:17:17-82
138-->[:flutter_local_notifications] AndroidManifest.xml:17:25-79
139                <action android:name="com.htc.intent.action.QUICKBOOT_POWERON" />
139-->[:flutter_local_notifications] AndroidManifest.xml:18:17-82
139-->[:flutter_local_notifications] AndroidManifest.xml:18:25-79
140            </intent-filter>
141        </receiver>
142
143        <activity
143-->[:url_launcher_android] AndroidManifest.xml:8:9-11:74
144            android:name="io.flutter.plugins.urllauncher.WebViewActivity"
144-->[:url_launcher_android] AndroidManifest.xml:9:13-74
145            android:exported="false"
145-->[:url_launcher_android] AndroidManifest.xml:10:13-37
146            android:theme="@android:style/Theme.NoTitleBar.Fullscreen" />
146-->[:url_launcher_android] AndroidManifest.xml:11:13-71
147
148        <provider
148-->[:flutter_webview_plugin] AndroidManifest.xml:9:9-18:20
149            android:name="androidx.core.content.FileProvider"
149-->[:flutter_webview_plugin] AndroidManifest.xml:10:13-62
150            android:authorities="com.food_on_the_way.delivery_boy.fileprovider"
150-->[:flutter_webview_plugin] AndroidManifest.xml:11:13-64
151            android:exported="false"
151-->[:flutter_webview_plugin] AndroidManifest.xml:12:13-37
152            android:grantUriPermissions="true" >
152-->[:flutter_webview_plugin] AndroidManifest.xml:13:13-47
153            <meta-data
153-->[:flutter_webview_plugin] AndroidManifest.xml:15:13-17:53
154                android:name="android.support.FILE_PROVIDER_PATHS"
154-->[:flutter_webview_plugin] AndroidManifest.xml:16:17-67
155                android:resource="@xml/filepaths" />
155-->[:flutter_webview_plugin] AndroidManifest.xml:17:17-50
156        </provider>
157
158        <receiver
158-->[com.google.firebase:firebase-messaging:23.0.5] AndroidManifest.xml:31:9-38:20
159            android:name="com.google.firebase.iid.FirebaseInstanceIdReceiver"
159-->[com.google.firebase:firebase-messaging:23.0.5] AndroidManifest.xml:32:13-78
160            android:exported="true"
160-->[com.google.firebase:firebase-messaging:23.0.5] AndroidManifest.xml:33:13-36
161            android:permission="com.google.android.c2dm.permission.SEND" >
161-->[com.google.firebase:firebase-messaging:23.0.5] AndroidManifest.xml:34:13-73
162            <intent-filter>
162-->[:firebase_messaging] AndroidManifest.xml:28:13-30:29
163                <action android:name="com.google.android.c2dm.intent.RECEIVE" />
163-->[:firebase_messaging] AndroidManifest.xml:29:17-81
163-->[:firebase_messaging] AndroidManifest.xml:29:25-78
164            </intent-filter>
165        </receiver>
166        <!--
167             FirebaseMessagingService performs security checks at runtime,
168             but set to not exported to explicitly avoid allowing another app to call it.
169        -->
170        <service
170-->[com.google.firebase:firebase-messaging:23.0.5] AndroidManifest.xml:44:9-51:19
171            android:name="com.google.firebase.messaging.FirebaseMessagingService"
171-->[com.google.firebase:firebase-messaging:23.0.5] AndroidManifest.xml:45:13-82
172            android:directBootAware="true"
172-->[com.google.firebase:firebase-messaging:23.0.5] AndroidManifest.xml:46:13-43
173            android:exported="false" >
173-->[com.google.firebase:firebase-messaging:23.0.5] AndroidManifest.xml:47:13-37
174            <intent-filter android:priority="-500" >
174-->[:firebase_messaging] AndroidManifest.xml:19:13-21:29
175                <action android:name="com.google.firebase.MESSAGING_EVENT" />
175-->[:firebase_messaging] AndroidManifest.xml:20:17-78
175-->[:firebase_messaging] AndroidManifest.xml:20:25-75
176            </intent-filter>
177        </service>
178        <service
178-->[com.google.android.datatransport:transport-backend-cct:3.1.5] AndroidManifest.xml:29:9-35:19
179            android:name="com.google.android.datatransport.runtime.backends.TransportBackendDiscovery"
179-->[com.google.android.datatransport:transport-backend-cct:3.1.5] AndroidManifest.xml:30:13-103
180            android:exported="false" >
180-->[com.google.android.datatransport:transport-backend-cct:3.1.5] AndroidManifest.xml:31:13-37
181            <meta-data
181-->[com.google.android.datatransport:transport-backend-cct:3.1.5] AndroidManifest.xml:32:13-34:39
182                android:name="backend:com.google.android.datatransport.cct.CctBackendFactory"
182-->[com.google.android.datatransport:transport-backend-cct:3.1.5] AndroidManifest.xml:33:17-94
183                android:value="cct" />
183-->[com.google.android.datatransport:transport-backend-cct:3.1.5] AndroidManifest.xml:34:17-36
184        </service>
185        <service
185-->[com.google.android.datatransport:transport-runtime:3.1.5] AndroidManifest.xml:26:9-30:19
186            android:name="com.google.android.datatransport.runtime.scheduling.jobscheduling.JobInfoSchedulerService"
186-->[com.google.android.datatransport:transport-runtime:3.1.5] AndroidManifest.xml:27:13-117
187            android:exported="false"
187-->[com.google.android.datatransport:transport-runtime:3.1.5] AndroidManifest.xml:28:13-37
188            android:permission="android.permission.BIND_JOB_SERVICE" >
188-->[com.google.android.datatransport:transport-runtime:3.1.5] AndroidManifest.xml:29:13-69
189        </service>
190
191        <receiver
191-->[com.google.android.datatransport:transport-runtime:3.1.5] AndroidManifest.xml:32:9-34:40
192            android:name="com.google.android.datatransport.runtime.scheduling.jobscheduling.AlarmManagerSchedulerBroadcastReceiver"
192-->[com.google.android.datatransport:transport-runtime:3.1.5] AndroidManifest.xml:33:13-132
193            android:exported="false" />
193-->[com.google.android.datatransport:transport-runtime:3.1.5] AndroidManifest.xml:34:13-37
194
195        <activity
195-->[com.google.firebase:firebase-auth:21.0.5] AndroidManifest.xml:27:9-44:20
196            android:name="com.google.firebase.auth.internal.GenericIdpActivity"
196-->[com.google.firebase:firebase-auth:21.0.5] AndroidManifest.xml:28:13-80
197            android:excludeFromRecents="true"
197-->[com.google.firebase:firebase-auth:21.0.5] AndroidManifest.xml:29:13-46
198            android:exported="true"
198-->[com.google.firebase:firebase-auth:21.0.5] AndroidManifest.xml:30:13-36
199            android:launchMode="singleTask"
199-->[com.google.firebase:firebase-auth:21.0.5] AndroidManifest.xml:31:13-44
200            android:theme="@android:style/Theme.Translucent.NoTitleBar" >
200-->[com.google.firebase:firebase-auth:21.0.5] AndroidManifest.xml:32:13-72
201            <intent-filter>
201-->[com.google.firebase:firebase-auth:21.0.5] AndroidManifest.xml:33:13-43:29
202                <action android:name="android.intent.action.VIEW" />
202-->[com.google.firebase:firebase-auth:21.0.5] AndroidManifest.xml:34:17-69
202-->[com.google.firebase:firebase-auth:21.0.5] AndroidManifest.xml:34:25-66
203
204                <category android:name="android.intent.category.DEFAULT" />
204-->src/main/AndroidManifest.xml:41:17-76
204-->src/main/AndroidManifest.xml:41:27-73
205                <category android:name="android.intent.category.BROWSABLE" />
205-->[com.google.firebase:firebase-auth:21.0.5] AndroidManifest.xml:37:17-78
205-->[com.google.firebase:firebase-auth:21.0.5] AndroidManifest.xml:37:27-75
206
207                <data
207-->[com.google.firebase:firebase-auth:21.0.5] AndroidManifest.xml:39:17-42:51
208                    android:host="firebase.auth"
208-->[com.google.firebase:firebase-auth:21.0.5] AndroidManifest.xml:40:21-49
209                    android:path="/"
209-->[com.google.firebase:firebase-auth:21.0.5] AndroidManifest.xml:41:21-37
210                    android:scheme="genericidp" />
210-->[com.google.firebase:firebase-auth:21.0.5] AndroidManifest.xml:42:21-48
211            </intent-filter>
212        </activity>
213        <activity
213-->[com.google.firebase:firebase-auth:21.0.5] AndroidManifest.xml:45:9-62:20
214            android:name="com.google.firebase.auth.internal.RecaptchaActivity"
214-->[com.google.firebase:firebase-auth:21.0.5] AndroidManifest.xml:46:13-79
215            android:excludeFromRecents="true"
215-->[com.google.firebase:firebase-auth:21.0.5] AndroidManifest.xml:47:13-46
216            android:exported="true"
216-->[com.google.firebase:firebase-auth:21.0.5] AndroidManifest.xml:48:13-36
217            android:launchMode="singleTask"
217-->[com.google.firebase:firebase-auth:21.0.5] AndroidManifest.xml:49:13-44
218            android:theme="@android:style/Theme.Translucent.NoTitleBar" >
218-->[com.google.firebase:firebase-auth:21.0.5] AndroidManifest.xml:50:13-72
219            <intent-filter>
219-->[com.google.firebase:firebase-auth:21.0.5] AndroidManifest.xml:51:13-61:29
220                <action android:name="android.intent.action.VIEW" />
220-->[com.google.firebase:firebase-auth:21.0.5] AndroidManifest.xml:34:17-69
220-->[com.google.firebase:firebase-auth:21.0.5] AndroidManifest.xml:34:25-66
221
222                <category android:name="android.intent.category.DEFAULT" />
222-->src/main/AndroidManifest.xml:41:17-76
222-->src/main/AndroidManifest.xml:41:27-73
223                <category android:name="android.intent.category.BROWSABLE" />
223-->[com.google.firebase:firebase-auth:21.0.5] AndroidManifest.xml:37:17-78
223-->[com.google.firebase:firebase-auth:21.0.5] AndroidManifest.xml:37:27-75
224
225                <data
225-->[com.google.firebase:firebase-auth:21.0.5] AndroidManifest.xml:39:17-42:51
226                    android:host="firebase.auth"
226-->[com.google.firebase:firebase-auth:21.0.5] AndroidManifest.xml:40:21-49
227                    android:path="/"
227-->[com.google.firebase:firebase-auth:21.0.5] AndroidManifest.xml:41:21-37
228                    android:scheme="recaptcha" />
228-->[com.google.firebase:firebase-auth:21.0.5] AndroidManifest.xml:42:21-48
229            </intent-filter>
230        </activity>
231
232        <provider
232-->[com.google.firebase:firebase-common:20.1.1] AndroidManifest.xml:26:9-31:39
233            android:name="com.google.firebase.provider.FirebaseInitProvider"
233-->[com.google.firebase:firebase-common:20.1.1] AndroidManifest.xml:27:13-77
234            android:authorities="com.food_on_the_way.delivery_boy.firebaseinitprovider"
234-->[com.google.firebase:firebase-common:20.1.1] AndroidManifest.xml:28:13-72
235            android:directBootAware="true"
235-->[com.google.firebase:firebase-common:20.1.1] AndroidManifest.xml:29:13-43
236            android:exported="false"
236-->[com.google.firebase:firebase-common:20.1.1] AndroidManifest.xml:30:13-37
237            android:initOrder="100" />
237-->[com.google.firebase:firebase-common:20.1.1] AndroidManifest.xml:31:13-36
238
239        <activity
239-->[com.google.android.gms:play-services-auth:19.2.0] AndroidManifest.xml:23:9-27:75
240            android:name="com.google.android.gms.auth.api.signin.internal.SignInHubActivity"
240-->[com.google.android.gms:play-services-auth:19.2.0] AndroidManifest.xml:24:13-93
241            android:excludeFromRecents="true"
241-->[com.google.android.gms:play-services-auth:19.2.0] AndroidManifest.xml:25:13-46
242            android:exported="false"
242-->[com.google.android.gms:play-services-auth:19.2.0] AndroidManifest.xml:26:13-37
243            android:theme="@android:style/Theme.Translucent.NoTitleBar" />
243-->[com.google.android.gms:play-services-auth:19.2.0] AndroidManifest.xml:27:13-72
244        <!--
245            Service handling Google Sign-In user revocation. For apps that do not integrate with
246            Google Sign-In, this service will never be started.
247        -->
248        <service
248-->[com.google.android.gms:play-services-auth:19.2.0] AndroidManifest.xml:33:9-37:51
249            android:name="com.google.android.gms.auth.api.signin.RevocationBoundService"
249-->[com.google.android.gms:play-services-auth:19.2.0] AndroidManifest.xml:34:13-89
250            android:exported="true"
250-->[com.google.android.gms:play-services-auth:19.2.0] AndroidManifest.xml:35:13-36
251            android:permission="com.google.android.gms.auth.api.signin.permission.REVOCATION_NOTIFICATION"
251-->[com.google.android.gms:play-services-auth:19.2.0] AndroidManifest.xml:36:13-107
252            android:visibleToInstantApps="true" />
252-->[com.google.android.gms:play-services-auth:19.2.0] AndroidManifest.xml:37:13-48
253
254        <receiver
254-->[com.google.android.gms:play-services-measurement:21.0.0] AndroidManifest.xml:29:9-33:20
255            android:name="com.google.android.gms.measurement.AppMeasurementReceiver"
255-->[com.google.android.gms:play-services-measurement:21.0.0] AndroidManifest.xml:30:13-85
256            android:enabled="true"
256-->[com.google.android.gms:play-services-measurement:21.0.0] AndroidManifest.xml:31:13-35
257            android:exported="false" >
257-->[com.google.android.gms:play-services-measurement:21.0.0] AndroidManifest.xml:32:13-37
258        </receiver>
259
260        <service
260-->[com.google.android.gms:play-services-measurement:21.0.0] AndroidManifest.xml:35:9-38:40
261            android:name="com.google.android.gms.measurement.AppMeasurementService"
261-->[com.google.android.gms:play-services-measurement:21.0.0] AndroidManifest.xml:36:13-84
262            android:enabled="true"
262-->[com.google.android.gms:play-services-measurement:21.0.0] AndroidManifest.xml:37:13-35
263            android:exported="false" />
263-->[com.google.android.gms:play-services-measurement:21.0.0] AndroidManifest.xml:38:13-37
264        <service
264-->[com.google.android.gms:play-services-measurement:21.0.0] AndroidManifest.xml:39:9-43:72
265            android:name="com.google.android.gms.measurement.AppMeasurementJobService"
265-->[com.google.android.gms:play-services-measurement:21.0.0] AndroidManifest.xml:40:13-87
266            android:enabled="true"
266-->[com.google.android.gms:play-services-measurement:21.0.0] AndroidManifest.xml:41:13-35
267            android:exported="false"
267-->[com.google.android.gms:play-services-measurement:21.0.0] AndroidManifest.xml:42:13-37
268            android:permission="android.permission.BIND_JOB_SERVICE" />
268-->[com.google.android.gms:play-services-measurement:21.0.0] AndroidManifest.xml:43:13-69
269
270        <activity
270-->[com.google.android.gms:play-services-base:18.0.1] AndroidManifest.xml:20:9-22:45
271            android:name="com.google.android.gms.common.api.GoogleApiActivity"
271-->[com.google.android.gms:play-services-base:18.0.1] AndroidManifest.xml:20:19-85
272            android:exported="false"
272-->[com.google.android.gms:play-services-base:18.0.1] AndroidManifest.xml:22:19-43
273            android:theme="@android:style/Theme.Translucent.NoTitleBar" />
273-->[com.google.android.gms:play-services-base:18.0.1] AndroidManifest.xml:21:19-78
274
275        <meta-data
275-->[com.google.android.gms:play-services-basement:18.0.0] AndroidManifest.xml:21:9-23:69
276            android:name="com.google.android.gms.version"
276-->[com.google.android.gms:play-services-basement:18.0.0] AndroidManifest.xml:22:13-58
277            android:value="@integer/google_play_services_version" />
277-->[com.google.android.gms:play-services-basement:18.0.0] AndroidManifest.xml:23:13-66
278
279        <uses-library
279-->[androidx.window:window:1.0.0-beta04] AndroidManifest.xml:25:9-27:40
280            android:name="androidx.window.extensions"
280-->[androidx.window:window:1.0.0-beta04] AndroidManifest.xml:26:13-54
281            android:required="false" />